#
# A fatal error has been detected by the Java Runtime Environment:
#
#  EXCEPTION_ACCESS_VIOLATION (0xc0000005) at pc=0x0000000050e7b8d8, pid=3600, tid=0x00000000000001dc
#
# JRE version: Java(TM) SE Runtime Environment (8.0_144-b01) (build 1.8.0_144-b01)
# Java VM: Java HotSpot(TM) 64-Bit Server VM (25.144-b01 mixed mode windows-amd64 compressed oops)
# Problematic frame:
# V  [jvm.dll+0x4bb8d8]
#
# Failed to write core dump. Minidumps are not enabled by default on client versions of Windows
#
# If you would like to submit a bug report, please visit:
#   http://bugreport.java.com/bugreport/crash.jsp
#

---------------  T H R E A D  ---------------

Current thread (0x0000000017562800):  JavaThread "C2 CompilerThread1" daemon [_thread_in_native, id=476, stack(0x0000000018cb0000,0x0000000018db0000)]

siginfo: ExceptionCode=0xc0000005, reading address 0x000000003cb96248

Registers:
RAX=0x0000000018dac9b0, RBX=0x0000000000000001, RCX=0x000000003cb96220, RDX=0x000000000000001a
RSP=0x0000000018dac610, RBP=0x00000000234db5c0, RSI=0x0000000000000000, RDI=0x0000000018dac790
R8 =0x00000000234db5c0, R9 =0x0000000018dac660, R10=0x00000000511ddf90, R11=0x00000000509c0000
R12=0x000000001cb90520, R13=0x0000000000000008, R14=0x000000001f817920, R15=0x0000000000000001
RIP=0x0000000050e7b8d8, EFLAGS=0x0000000000010202

Top of Stack: (sp=0x0000000018dac610)
0x0000000018dac610:   00000000000002da 00000000000000e0
0x0000000018dac620:   0000000000000001 0000000000000000
0x0000000018dac630:   0000000000002ee8 0000000017526180
0x0000000018dac640:   0000000021f7a5f0 00000000002d23b0
0x0000000018dac650:   0000000021f7a640 0000000021f825d8
0x0000000018dac660:   0000000051038328 0000000017526180
0x0000000018dac670:   0000000000000004 00000000234dad90
0x0000000018dac680:   0000000018dac750 00000000000003d8
0x0000000018dac690:   000000001a5e0798 000000001a5e03c0
0x0000000018dac6a0:   0000000000000000 000000001a5e03b0
0x0000000018dac6b0:   0000000018dac7d0 0000000018daca40
0x0000000018dac6c0:   0000000018dacb50 0000000050e29002
0x0000000018dac6d0:   0000000000000000 0000000000000001
0x0000000018dac6e0:   00000000000005de 0000000000000000
0x0000000018dac6f0:   0000000000000002 000000001a5e03b0
0x0000000018dac700:   0000000021f9a5b0 0000000021f9d260 

Instructions: (pc=0x0000000050e7b8d8)
0x0000000050e7b8b8:   49 8b 44 24 20 48 8b 00 eb 02 33 c0 48 8b 40 08
0x0000000050e7b8c8:   4c 8d 4c 24 50 4c 8b c5 4a 8b 0c 28 48 8b 47 38
0x0000000050e7b8d8:   8b 51 28 48 8b 48 68 4c 8b 34 d1 48 8b cf 49 8b
0x0000000050e7b8e8:   d6 e8 b2 f6 ff ff 48 63 8c 24 c8 00 00 00 85 c9 


Register to memory mapping:

RAX=0x0000000018dac9b0 is pointing into the stack for thread: 0x0000000017562800
RBX=0x0000000000000001 is an unknown value
RCX=0x000000003cb96220 is an unknown value
RDX=0x000000000000001a is an unknown value
RSP=0x0000000018dac610 is pointing into the stack for thread: 0x0000000017562800
RBP=0x00000000234db5c0 is an unknown value
RSI=0x0000000000000000 is an unknown value
RDI=0x0000000018dac790 is pointing into the stack for thread: 0x0000000017562800
R8 =0x00000000234db5c0 is an unknown value
R9 =0x0000000018dac660 is pointing into the stack for thread: 0x0000000017562800
R10=0x00000000511ddf90 is an unknown value
R11=0x00000000509c0000 is an unknown value
R12=0x000000001cb90520 is an unknown value
R13=0x0000000000000008 is an unknown value
R14=0x000000001f817920 is an unknown value
R15=0x0000000000000001 is an unknown value


Stack: [0x0000000018cb0000,0x0000000018db0000],  sp=0x0000000018dac610,  free space=1009k
Native frames: (J=compiled Java code, j=interpreted, Vv=VM code, C=native code)
V  [jvm.dll+0x4bb8d8]
V  [jvm.dll+0x469002]
V  [jvm.dll+0x4745bb]
V  [jvm.dll+0x476ec7]
V  [jvm.dll+0x4598c2]
V  [jvm.dll+0xa5dc2]
V  [jvm.dll+0xa66ff]
V  [jvm.dll+0x24524f]
V  [jvm.dll+0x29ca6a]
C  [msvcr100.dll+0x21d9f]
C  [msvcr100.dll+0x21e3b]
C  [KERNEL32.DLL+0x8364]
C  [ntdll.dll+0x67091]


Current CompileTask:
C2:6809666 11947   !   4       org.gradle.api.internal.AbstractClassGenerator::generateUnderLock (1075 bytes)


---------------  P R O C E S S  ---------------

Java Threads: ( => current thread )
  0x000000001e6ed000 JavaThread "build operations Thread 4" [_thread_blocked, id=4404, stack(0x0000000026140000,0x0000000026240000)]
  0x000000001e6e8800 JavaThread "build operations Thread 3" [_thread_blocked, id=1140, stack(0x0000000026040000,0x0000000026140000)]
  0x000000001e6e1000 JavaThread "build operations Thread 2" [_thread_blocked, id=4428, stack(0x0000000025f40000,0x0000000026040000)]
  0x000000001e6e8000 JavaThread "build operations" [_thread_blocked, id=5464, stack(0x0000000025e40000,0x0000000025f40000)]
  0x000000001e6e6800 JavaThread "Cache worker for Artifact transforms cache (C:\Users\Р РѕРјР°РЅ\.gradle\caches\transforms-1)" [_thread_blocked, id=1300, stack(0x0000000025d40000,0x0000000025e40000)]
  0x000000001e6e4000 JavaThread "Cache worker for file hash cache (G:\Android Studio Projects\LyricsFinder\.gradle\4.1\fileHashes)" [_thread_blocked, id=7104, stack(0x0000000025c40000,0x0000000025d40000)]
  0x000000001e6e2000 JavaThread "Stdin handler" [_thread_blocked, id=2980, stack(0x0000000025b40000,0x0000000025c40000)]
  0x000000001e6e3800 JavaThread "Asynchronous log dispatcher for DefaultDaemonConnection: socket connection from /127.0.0.1:50627 to /127.0.0.1:55016" [_thread_blocked, id=6832, stack(0x0000000025a40000,0x0000000025b40000)]
  0x000000001e6e5000 JavaThread "Daemon worker Thread 2" [_thread_in_Java, id=224, stack(0x0000000025940000,0x0000000025a40000)]
  0x000000001e6df000 JavaThread "Cancel handler" [_thread_blocked, id=7808, stack(0x0000000025840000,0x0000000025940000)]
  0x000000001e6df800 JavaThread "Handler for socket connection from /127.0.0.1:50627 to /127.0.0.1:55016" [_thread_in_native, id=2500, stack(0x0000000025740000,0x0000000025840000)]
  0x000000001e6e2800 JavaThread "Daemon Thread 2" [_thread_blocked, id=6404, stack(0x0000000025640000,0x0000000025740000)]
  0x000000001e6e5800 JavaThread "Memory manager" [_thread_blocked, id=1624, stack(0x0000000021a60000,0x0000000021b60000)]
  0x000000001a539000 JavaThread "File lock request listener" [_thread_in_native, id=1252, stack(0x000000001d0d0000,0x000000001d1d0000)]
  0x000000001a535000 JavaThread "Cache worker for file hash cache (C:\Users\Р РѕРјР°РЅ\.gradle\caches\4.1\fileHashes)" [_thread_blocked, id=1192, stack(0x000000001cdd0000,0x000000001ced0000)]
  0x000000001a047000 JavaThread "Daemon periodic checks" [_thread_blocked, id=2580, stack(0x000000001b500000,0x000000001b600000)]
  0x000000001a25f000 JavaThread "Incoming local TCP Connector on port 50627" [_thread_in_native, id=6500, stack(0x000000001b2c0000,0x000000001b3c0000)]
  0x000000001a90f000 JavaThread "Daemon health stats" [_thread_blocked, id=1036, stack(0x000000001ac80000,0x000000001ad80000)]
  0x0000000018ed8800 JavaThread "Service Thread" daemon [_thread_blocked, id=6724, stack(0x00000000192b0000,0x00000000193b0000)]
  0x0000000017566000 JavaThread "C1 CompilerThread2" daemon [_thread_blocked, id=2020, stack(0x0000000018db0000,0x0000000018eb0000)]
=>0x0000000017562800 JavaThread "C2 CompilerThread1" daemon [_thread_in_native, id=476, stack(0x0000000018cb0000,0x0000000018db0000)]
  0x000000001755f800 JavaThread "C2 CompilerThread0" daemon [_thread_in_native, id=2032, stack(0x0000000018bb0000,0x0000000018cb0000)]
  0x000000001755e000 JavaThread "Attach Listener" daemon [_thread_blocked, id=816, stack(0x0000000018ab0000,0x0000000018bb0000)]
  0x000000001755c800 JavaThread "Signal Dispatcher" daemon [_thread_blocked, id=2028, stack(0x00000000189b0000,0x0000000018ab0000)]
  0x0000000003bea800 JavaThread "Finalizer" daemon [_thread_blocked, id=2000, stack(0x00000000187c0000,0x00000000188c0000)]
  0x0000000017528800 JavaThread "Reference Handler" daemon [_thread_blocked, id=1012, stack(0x00000000186c0000,0x00000000187c0000)]
  0x0000000003af0800 JavaThread "main" [_thread_blocked, id=1588, stack(0x0000000003910000,0x0000000003a10000)]

Other Threads:
  0x0000000017527000 VMThread [stack: 0x00000000185c0000,0x00000000186c0000] [id=500]
  0x0000000018ef4800 WatcherThread [stack: 0x00000000193b0000,0x00000000194b0000] [id=540]

VM state:not at safepoint (normal execution)

VM Mutex/Monitor currently owned by a thread: None

Heap:
 PSYoungGen      total 308224K, used 165491K [0x00000000e0000000, 0x00000000f5980000, 0x0000000100000000)
  eden space 278016K, 48% used [0x00000000e0000000,0x00000000e8424968,0x00000000f0f80000)
  from space 30208K, 99% used [0x00000000f1b80000,0x00000000f38f8410,0x00000000f3900000)
  to   space 33280K, 0% used [0x00000000f3900000,0x00000000f3900000,0x00000000f5980000)
 ParOldGen       total 110080K, used 46260K [0x00000000a0000000, 0x00000000a6b80000, 0x00000000e0000000)
  object space 110080K, 42% used [0x00000000a0000000,0x00000000a2d2d288,0x00000000a6b80000)
 Metaspace       used 78075K, capacity 81956K, committed 82088K, reserved 1120256K
  class space    used 10441K, capacity 11336K, committed 11440K, reserved 1048576K

Card table byte_map: [0x0000000012fb0000,0x00000000132c0000] byte_map_base: 0x0000000012ab0000

Marking Bits: (ParMarkBitMap*) 0x00000000511dd850
 Begin Bits: [0x00000000138c0000, 0x00000000150c0000)
 End Bits:   [0x00000000150c0000, 0x00000000168c0000)

Polling page: 0x0000000003840000

CodeCache: size=245760Kb used=36301Kb max_used=36301Kb free=209458Kb
 bounds [0x0000000003bf0000, 0x0000000005fa0000, 0x0000000012bf0000]
 total_blobs=11125 nmethods=10306 adapters=730
 compilation: enabled

Compilation events (10 events):
Event: 6808.407 Thread 0x000000001755f800 nmethod 12238 0x0000000005f66750 code [0x0000000005f668a0, 0x0000000005f66968]
Event: 6808.407 Thread 0x000000001755f800 12225       4       org.codehaus.groovy.runtime.GroovyCategorySupport$MyThreadLocal::getInfoNullable (24 bytes)
Event: 6808.412 Thread 0x0000000017566000 12303       3       org.gradle.api.internal.artifacts.ivyservice.resolveengine.graph.DependencyGraphBuilder$ModuleResolveState::<init> (59 bytes)
Event: 6808.413 Thread 0x0000000017566000 nmethod 12303 0x0000000005f62f90 code [0x0000000005f631c0, 0x0000000005f63ce8]
Event: 6808.414 Thread 0x000000001755f800 nmethod 12225 0x0000000005f60050 code [0x0000000005f60200, 0x0000000005f607e0]
Event: 6808.414 Thread 0x000000001755f800 12226       4       sun.reflect.generics.repository.MethodRepository::getReturnType (41 bytes)
Event: 6808.416 Thread 0x000000001755f800 nmethod 12226 0x0000000005f61290 code [0x0000000005f613e0, 0x0000000005f61558]
Event: 6808.416 Thread 0x000000001755f800 12218       4       org.gradle.internal.metaobject.AbstractDynamicObject::getProperty (24 bytes)
Event: 6808.419 Thread 0x000000001755f800 nmethod 12218 0x0000000005f62650 code [0x0000000005f627e0, 0x0000000005f62b58]
Event: 6808.419 Thread 0x000000001755f800 12224   !   4       java.beans.PropertyDescriptor::findPropertyType (188 bytes)

GC Heap History (10 events):
Event: 123.817 GC heap before
{Heap before GC invocations=16 (full 2):
 PSYoungGen      total 207872K, used 95971K [0x00000000e0000000, 0x00000000f0e80000, 0x0000000100000000)
  eden space 194048K, 42% used [0x00000000e0000000,0x00000000e5039418,0x00000000ebd80000)
  from space 13824K, 99% used [0x00000000ebd80000,0x00000000ecaff9a0,0x00000000ecb00000)
  to   space 19456K, 0% used [0x00000000efb80000,0x00000000efb80000,0x00000000f0e80000)
 ParOldGen       total 71680K, used 30181K [0x00000000a0000000, 0x00000000a4600000, 0x00000000e0000000)
  object space 71680K, 42% used [0x00000000a0000000,0x00000000a1d79768,0x00000000a4600000)
 Metaspace       used 57403K, capacity 59076K, committed 59160K, reserved 1099776K
  class space    used 7661K, capacity 8078K, committed 8112K, reserved 1048576K
Event: 123.835 GC heap after
Heap after GC invocations=16 (full 2):
 PSYoungGen      total 253952K, used 19440K [0x00000000e0000000, 0x00000000f1880000, 0x0000000100000000)
  eden space 234496K, 0% used [0x00000000e0000000,0x00000000e0000000,0x00000000ee500000)
  from space 19456K, 99% used [0x00000000efb80000,0x00000000f0e7c180,0x00000000f0e80000)
  to   space 23040K, 0% used [0x00000000ee500000,0x00000000ee500000,0x00000000efb80000)
 ParOldGen       total 71680K, used 31205K [0x00000000a0000000, 0x00000000a4600000, 0x00000000e0000000)
  object space 71680K, 43% used [0x00000000a0000000,0x00000000a1e79770,0x00000000a4600000)
 Metaspace       used 57403K, capacity 59076K, committed 59160K, reserved 1099776K
  class space    used 7661K, capacity 8078K, committed 8112K, reserved 1048576K
}
Event: 123.835 GC heap before
{Heap before GC invocations=17 (full 3):
 PSYoungGen      total 253952K, used 19440K [0x00000000e0000000, 0x00000000f1880000, 0x0000000100000000)
  eden space 234496K, 0% used [0x00000000e0000000,0x00000000e0000000,0x00000000ee500000)
  from space 19456K, 99% used [0x00000000efb80000,0x00000000f0e7c180,0x00000000f0e80000)
  to   space 23040K, 0% used [0x00000000ee500000,0x00000000ee500000,0x00000000efb80000)
 ParOldGen       total 71680K, used 31205K [0x00000000a0000000, 0x00000000a4600000, 0x00000000e0000000)
  object space 71680K, 43% used [0x00000000a0000000,0x00000000a1e79770,0x00000000a4600000)
 Metaspace       used 57403K, capacity 59076K, committed 59160K, reserved 1099776K
  class space    used 7661K, capacity 8078K, committed 8112K, reserved 1048576K
Event: 124.018 GC heap after
Heap after GC invocations=17 (full 3):
 PSYoungGen      total 253952K, used 0K [0x00000000e0000000, 0x00000000f1880000, 0x0000000100000000)
  eden space 234496K, 0% used [0x00000000e0000000,0x00000000e0000000,0x00000000ee500000)
  from space 19456K, 0% used [0x00000000efb80000,0x00000000efb80000,0x00000000f0e80000)
  to   space 23040K, 0% used [0x00000000ee500000,0x00000000ee500000,0x00000000efb80000)
 ParOldGen       total 110080K, used 39038K [0x00000000a0000000, 0x00000000a6b80000, 0x00000000e0000000)
  object space 110080K, 35% used [0x00000000a0000000,0x00000000a261f948,0x00000000a6b80000)
 Metaspace       used 57350K, capacity 58932K, committed 59160K, reserved 1099776K
  class space    used 7645K, capacity 8031K, committed 8112K, reserved 1048576K
}
Event: 130.410 GC heap before
{Heap before GC invocations=18 (full 3):
 PSYoungGen      total 253952K, used 234496K [0x00000000e0000000, 0x00000000f1880000, 0x0000000100000000)
  eden space 234496K, 100% used [0x00000000e0000000,0x00000000ee500000,0x00000000ee500000)
  from space 19456K, 0% used [0x00000000efb80000,0x00000000efb80000,0x00000000f0e80000)
  to   space 23040K, 0% used [0x00000000ee500000,0x00000000ee500000,0x00000000efb80000)
 ParOldGen       total 110080K, used 39038K [0x00000000a0000000, 0x00000000a6b80000, 0x00000000e0000000)
  object space 110080K, 35% used [0x00000000a0000000,0x00000000a261f948,0x00000000a6b80000)
 Metaspace       used 61129K, capacity 62994K, committed 63016K, reserved 1103872K
  class space    used 8306K, capacity 8740K, committed 8752K, reserved 1048576K
Event: 130.439 GC heap after
Heap after GC invocations=18 (full 3):
 PSYoungGen      total 257536K, used 20774K [0x00000000e0000000, 0x00000000f5700000, 0x0000000100000000)
  eden space 234496K, 0% used [0x00000000e0000000,0x00000000e0000000,0x00000000ee500000)
  from space 23040K, 90% used [0x00000000ee500000,0x00000000ef949b70,0x00000000efb80000)
  to   space 26112K, 0% used [0x00000000f3d80000,0x00000000f3d80000,0x00000000f5700000)
 ParOldGen       total 110080K, used 39046K [0x00000000a0000000, 0x00000000a6b80000, 0x00000000e0000000)
  object space 110080K, 35% used [0x00000000a0000000,0x00000000a2621948,0x00000000a6b80000)
 Metaspace       used 61129K, capacity 62994K, committed 63016K, reserved 1103872K
  class space    used 8306K, capacity 8740K, committed 8752K, reserved 1048576K
}
Event: 226.327 GC heap before
{Heap before GC invocations=19 (full 3):
 PSYoungGen      total 257536K, used 255270K [0x00000000e0000000, 0x00000000f5700000, 0x0000000100000000)
  eden space 234496K, 100% used [0x00000000e0000000,0x00000000ee500000,0x00000000ee500000)
  from space 23040K, 90% used [0x00000000ee500000,0x00000000ef949b70,0x00000000efb80000)
  to   space 26112K, 0% used [0x00000000f3d80000,0x00000000f3d80000,0x00000000f5700000)
 ParOldGen       total 110080K, used 39046K [0x00000000a0000000, 0x00000000a6b80000, 0x00000000e0000000)
  object space 110080K, 35% used [0x00000000a0000000,0x00000000a2621948,0x00000000a6b80000)
 Metaspace       used 65326K, capacity 67864K, committed 68008K, reserved 1107968K
  class space    used 8750K, capacity 9350K, committed 9392K, reserved 1048576K
Event: 226.350 GC heap after
Heap after GC invocations=19 (full 3):
 PSYoungGen      total 315392K, used 25548K [0x00000000e0000000, 0x00000000f5680000, 0x0000000100000000)
  eden space 289792K, 0% used [0x00000000e0000000,0x00000000e0000000,0x00000000f1b00000)
  from space 25600K, 99% used [0x00000000f3d80000,0x00000000f56731f8,0x00000000f5680000)
  to   space 30208K, 0% used [0x00000000f1b80000,0x00000000f1b80000,0x00000000f3900000)
 ParOldGen       total 110080K, used 39054K [0x00000000a0000000, 0x00000000a6b80000, 0x00000000e0000000)
  object space 110080K, 35% used [0x00000000a0000000,0x00000000a2623948,0x00000000a6b80000)
 Metaspace       used 65326K, capacity 67864K, committed 68008K, reserved 1107968K
  class space    used 8750K, capacity 9350K, committed 9392K, reserved 1048576K
}
Event: 6806.713 GC heap before
{Heap before GC invocations=20 (full 3):
 PSYoungGen      total 315392K, used 315340K [0x00000000e0000000, 0x00000000f5680000, 0x0000000100000000)
  eden space 289792K, 100% used [0x00000000e0000000,0x00000000f1b00000,0x00000000f1b00000)
  from space 25600K, 99% used [0x00000000f3d80000,0x00000000f56731f8,0x00000000f5680000)
  to   space 30208K, 0% used [0x00000000f1b80000,0x00000000f1b80000,0x00000000f3900000)
 ParOldGen       total 110080K, used 39054K [0x00000000a0000000, 0x00000000a6b80000, 0x00000000e0000000)
  object space 110080K, 35% used [0x00000000a0000000,0x00000000a2623948,0x00000000a6b80000)
 Metaspace       used 73084K, capacity 76286K, committed 76584K, reserved 1116160K
  class space    used 9698K, capacity 10492K, committed 10544K, reserved 1048576K
Event: 6806.792 GC heap after
Heap after GC invocations=20 (full 3):
 PSYoungGen      total 308224K, used 30177K [0x00000000e0000000, 0x00000000f5980000, 0x0000000100000000)
  eden space 278016K, 0% used [0x00000000e0000000,0x00000000e0000000,0x00000000f0f80000)
  from space 30208K, 99% used [0x00000000f1b80000,0x00000000f38f8410,0x00000000f3900000)
  to   space 33280K, 0% used [0x00000000f3900000,0x00000000f3900000,0x00000000f5980000)
 ParOldGen       total 110080K, used 46260K [0x00000000a0000000, 0x00000000a6b80000, 0x00000000e0000000)
  object space 110080K, 42% used [0x00000000a0000000,0x00000000a2d2d288,0x00000000a6b80000)
 Metaspace       used 73084K, capacity 76286K, committed 76584K, reserved 1116160K
  class space    used 9698K, capacity 10492K, committed 10544K, reserved 1048576K
}

Deoptimization events (10 events):
Event: 6805.743 Thread 0x000000001e6e5000 Uncommon trap: reason=unstable_if action=reinterpret pc=0x00000000055eed24 method=java.lang.management.MemoryUsage.<init>(JJJJ)V @ 212
Event: 6806.278 Thread 0x000000001e6e5000 Uncommon trap: reason=null_check action=make_not_entrant pc=0x0000000005cb10a4 method=java.beans.PropertyDescriptor.findPropertyType(Ljava/lang/reflect/Method;Ljava/lang/reflect/Method;)Ljava/lang/Class; @ 157
Event: 6806.427 Thread 0x000000001e6e5000 Uncommon trap: reason=bimorphic action=maybe_recompile pc=0x0000000004c9b750 method=org.gradle.internal.event.AbstractBroadcastDispatch.dispatch(Lorg/gradle/internal/dispatch/MethodInvocation;Lorg/gradle/internal/dispatch/Dispatch;)V @ 2
Event: 6807.153 Thread 0x000000001e6e5000 Uncommon trap: reason=null_check action=make_not_entrant pc=0x0000000005331020 method=java.lang.ThreadLocal$ThreadLocalMap.set(Ljava/lang/ThreadLocal;Ljava/lang/Object;)V @ 36
Event: 6807.803 Thread 0x000000001e6e5000 Uncommon trap: reason=unstable_if action=reinterpret pc=0x0000000005620980 method=groovy.lang.MetaClassImpl.checkIfStdMethod(Lgroovy/lang/MetaMethod;)V @ 167
Event: 6807.814 Thread 0x000000001e6e5000 Uncommon trap: reason=class_check action=maybe_recompile pc=0x00000000049b6c94 method=groovy.lang.MetaMethod.isStatic()Z @ 1
Event: 6807.814 Thread 0x000000001e6e5000 Uncommon trap: reason=class_check action=maybe_recompile pc=0x00000000049b6c94 method=groovy.lang.MetaMethod.isStatic()Z @ 1
Event: 6807.814 Thread 0x000000001e6e5000 Uncommon trap: reason=class_check action=maybe_recompile pc=0x00000000049b6c94 method=groovy.lang.MetaMethod.isStatic()Z @ 1
Event: 6807.814 Thread 0x000000001e6e5000 Uncommon trap: reason=class_check action=maybe_recompile pc=0x00000000049b6c94 method=groovy.lang.MetaMethod.isStatic()Z @ 1
Event: 6807.816 Thread 0x000000001e6e5000 Uncommon trap: reason=unstable_if action=reinterpret pc=0x0000000004a28014 method=groovy.lang.MetaClassImpl.filterPropertyMethod(Ljava/lang/Object;ZZ)Ljava/lang/Object; @ 60

Internal exceptions (10 events):
Event: 6808.197 Thread 0x000000001e6e5000 Exception <a 'java/lang/ClassNotFoundException': com/android/build/gradle/internal/tasks/ValidateSigningTask_DecoratedBeanInfo> (0x00000000e79a0df0) thrown at [C:\re\workspace\8-2-build-windows-amd64-cygwin\jdk8u144\9417\hotspot\src\share\vm\classfile\sys
Event: 6808.197 Thread 0x000000001e6e5000 Exception <a 'java/lang/ClassNotFoundException': com/android/build/gradle/internal/tasks/ValidateSigningTaskBeanInfo> (0x00000000e79b5e90) thrown at [C:\re\workspace\8-2-build-windows-amd64-cygwin\jdk8u144\9417\hotspot\src\share\vm\classfile\systemDiction
Event: 6808.197 Thread 0x000000001e6e5000 Exception <a 'java/lang/ClassNotFoundException': com/android/build/gradle/internal/tasks/ValidateSigningTaskCustomizer> (0x00000000e79cb540) thrown at [C:\re\workspace\8-2-build-windows-amd64-cygwin\jdk8u144\9417\hotspot\src\share\vm\classfile\systemDicti
Event: 6808.198 Thread 0x000000001e6e5000 Exception <a 'java/lang/ClassNotFoundException': com/android/build/gradle/internal/tasks/ValidateSigningTask_DecoratedCustomizer> (0x00000000e79f5b08) thrown at [C:\re\workspace\8-2-build-windows-amd64-cygwin\jdk8u144\9417\hotspot\src\share\vm\classfile\s
Event: 6808.200 Thread 0x000000001e6e5000 Exception <a 'java/lang/ClassNotFoundException': com/android/build/gradle/internal/tasks/ApplicationIdWriterTask_DecoratedBeanInfo> (0x00000000e7a721e8) thrown at [C:\re\workspace\8-2-build-windows-amd64-cygwin\jdk8u144\9417\hotspot\src\share\vm\classfile
Event: 6808.201 Thread 0x000000001e6e5000 Exception <a 'java/lang/ClassNotFoundException': com/android/build/gradle/internal/tasks/ApplicationIdWriterTaskBeanInfo> (0x00000000e7a87b38) thrown at [C:\re\workspace\8-2-build-windows-amd64-cygwin\jdk8u144\9417\hotspot\src\share\vm\classfile\systemDic
Event: 6808.201 Thread 0x000000001e6e5000 Exception <a 'java/lang/ClassNotFoundException': com/android/build/gradle/internal/tasks/ApplicationIdWriterTaskCustomizer> (0x00000000e7a9da98) thrown at [C:\re\workspace\8-2-build-windows-amd64-cygwin\jdk8u144\9417\hotspot\src\share\vm\classfile\systemD
Event: 6808.202 Thread 0x000000001e6e5000 Exception <a 'java/lang/ClassNotFoundException': com/android/build/gradle/internal/tasks/ApplicationIdWriterTask_DecoratedCustomizer> (0x00000000e7ac9320) thrown at [C:\re\workspace\8-2-build-windows-amd64-cygwin\jdk8u144\9417\hotspot\src\share\vm\classfi
Event: 6808.223 Thread 0x000000001e6e5000 Exception <a 'java/lang/ClassNotFoundException': org/jetbrains/plugins/gradle/model/DefaultExternalPluginBeanInfo> (0x00000000e7beb1c0) thrown at [C:\re\workspace\8-2-build-windows-amd64-cygwin\jdk8u144\9417\hotspot\src\share\vm\classfile\systemDictionary
Event: 6808.223 Thread 0x000000001e6e5000 Exception <a 'java/lang/ClassNotFoundException': org/jetbrains/plugins/gradle/model/DefaultExternalPluginCustomizer> (0x00000000e7bf7f70) thrown at [C:\re\workspace\8-2-build-windows-amd64-cygwin\jdk8u144\9417\hotspot\src\share\vm\classfile\systemDictiona

Events (10 events):
Event: 6808.273 loading class com/android/build/gradle/internal/incremental/BuildInfoWriterTask$ConfigAction
Event: 6808.273 loading class com/android/build/gradle/internal/incremental/BuildInfoWriterTask$ConfigAction done
Event: 6808.274 loading class com/android/build/gradle/internal/ide/ArtifactDependencyGraph
Event: 6808.274 loading class com/android/build/gradle/internal/ide/ArtifactDependencyGraph done
Event: 6808.274 loading class com/android/builder/model/SyncIssue
Event: 6808.274 loading class com/android/builder/model/SyncIssue done
Event: 6808.275 loading class org/gradle/api/internal/artifacts/ivyservice/ResolvedArtifactCollectingVisitor
Event: 6808.275 loading class org/gradle/api/internal/artifacts/ivyservice/ResolvedArtifactCollectingVisitor done
Event: 6808.328 loading class org/gradle/internal/component/model/LocalComponentDependencyMetadata$ClientAttributesPreservingConfigurationMetadata
Event: 6808.328 loading class org/gradle/internal/component/model/LocalComponentDependencyMetadata$ClientAttributesPreservingConfigurationMetadata done


Dynamic libraries:
0x00007ff6556d0000 - 0x00007ff655707000 	C:\Program Files\Java\jdk1.8.0_144\bin\java.exe
0x00007ffa60a90000 - 0x00007ffa60c62000 	C:\Windows\SYSTEM32\ntdll.dll
0x00007ffa606e0000 - 0x00007ffa6078c000 	C:\Windows\System32\KERNEL32.DLL
0x00007ffa5d000000 - 0x00007ffa5d21d000 	C:\Windows\System32\KERNELBASE.dll
0x00007ffa5f7c0000 - 0x00007ffa5f862000 	C:\Windows\System32\ADVAPI32.dll
0x00007ffa600d0000 - 0x00007ffa6016e000 	C:\Windows\System32\msvcrt.dll
0x00007ffa5f760000 - 0x00007ffa5f7b9000 	C:\Windows\System32\sechost.dll
0x00007ffa5fdb0000 - 0x00007ffa5fed1000 	C:\Windows\System32\RPCRT4.dll
0x00007ffa5e020000 - 0x00007ffa5e185000 	C:\Windows\System32\USER32.dll
0x00007ffa5cf90000 - 0x00007ffa5cfae000 	C:\Windows\System32\win32u.dll
0x00007ffa60090000 - 0x00007ffa600c4000 	C:\Windows\System32\GDI32.dll
0x00007ffa5d6b0000 - 0x00007ffa5d830000 	C:\Windows\System32\gdi32full.dll
0x00007ffa54970000 - 0x00007ffa54bea000 	C:\Windows\WinSxS\amd64_microsoft.windows.common-controls_6595b64144ccf1df_6.0.14393.953_none_42151e83c686086b\COMCTL32.dll
0x00007ffa5fae0000 - 0x00007ffa5fda8000 	C:\Windows\System32\combase.dll
0x00007ffa5d220000 - 0x00007ffa5d315000 	C:\Windows\System32\ucrtbase.dll
0x00007ffa5d4f0000 - 0x00007ffa5d55a000 	C:\Windows\System32\bcryptPrimitives.dll
0x00007ffa60790000 - 0x00007ffa607be000 	C:\Windows\System32\IMM32.DLL
0x00007ffa3e740000 - 0x00007ffa3e8bf000 	F:\Steam\gameoverlayrenderer64.dll
0x00007ffa5ff40000 - 0x00007ffa60078000 	C:\Windows\System32\ole32.dll
0x00007ffa606b0000 - 0x00007ffa606b8000 	C:\Windows\System32\PSAPI.DLL
0x00007ffa5b460000 - 0x00007ffa5b483000 	C:\Windows\SYSTEM32\WINMM.dll
0x00007ffa5b320000 - 0x00007ffa5b34b000 	C:\Windows\SYSTEM32\WINMMBASE.dll
0x00007ffa5cfb0000 - 0x00007ffa5cff2000 	C:\Windows\System32\cfgmgr32.dll
0x0000000051260000 - 0x0000000051332000 	C:\Program Files\Java\jdk1.8.0_144\jre\bin\msvcr100.dll
0x00000000509c0000 - 0x000000005125d000 	C:\Program Files\Java\jdk1.8.0_144\jre\bin\server\jvm.dll
0x00007ffa51b70000 - 0x00007ffa51b79000 	C:\Windows\SYSTEM32\WSOCK32.dll
0x00007ffa60170000 - 0x00007ffa601da000 	C:\Windows\System32\WS2_32.dll
0x00007ffa59970000 - 0x00007ffa5997a000 	C:\Windows\SYSTEM32\VERSION.dll
0x00000000509b0000 - 0x00000000509bf000 	C:\Program Files\Java\jdk1.8.0_144\jre\bin\verify.dll
0x0000000050980000 - 0x00000000509a9000 	C:\Program Files\Java\jdk1.8.0_144\jre\bin\java.dll
0x0000000050960000 - 0x0000000050976000 	C:\Program Files\Java\jdk1.8.0_144\jre\bin\zip.dll
0x00007ffa5e190000 - 0x00007ffa5f698000 	C:\Windows\System32\SHELL32.dll
0x00007ffa5d8e0000 - 0x00007ffa5dfba000 	C:\Windows\System32\windows.storage.dll
0x00007ffa5cf00000 - 0x00007ffa5cf4c000 	C:\Windows\System32\powrprof.dll
0x00007ffa5fa80000 - 0x00007ffa5fad2000 	C:\Windows\System32\shlwapi.dll
0x00007ffa5cf50000 - 0x00007ffa5cf5f000 	C:\Windows\System32\kernel.appcore.dll
0x00007ffa5d560000 - 0x00007ffa5d609000 	C:\Windows\System32\shcore.dll
0x0000000003890000 - 0x00000000038a4000 	C:\Windows\System32\profapi.dll
0x0000000050940000 - 0x000000005095a000 	C:\Program Files\Java\jdk1.8.0_144\jre\bin\net.dll
0x00007ffa5c7d0000 - 0x00007ffa5c82c000 	C:\Windows\system32\mswsock.dll
0x0000000050920000 - 0x0000000050931000 	C:\Program Files\Java\jdk1.8.0_144\jre\bin\nio.dll
0x00007ffa56f00000 - 0x00007ffa56f1e000 	C:\Users\Роман\.gradle\native\25\windows-amd64\native-platform.dll
0x0000000050910000 - 0x000000005091d000 	C:\Program Files\Java\jdk1.8.0_144\jre\bin\management.dll
0x00007ffa5c970000 - 0x00007ffa5c987000 	C:\Windows\SYSTEM32\CRYPTSP.dll
0x00007ffa5c3d0000 - 0x00007ffa5c403000 	C:\Windows\system32\rsaenh.dll
0x00007ffa5ce40000 - 0x00007ffa5ce6b000 	C:\Windows\SYSTEM32\bcrypt.dll
0x00007ffa5c650000 - 0x00007ffa5c66f000 	C:\Windows\SYSTEM32\USERENV.dll
0x00007ffa5c990000 - 0x00007ffa5c99b000 	C:\Windows\SYSTEM32\CRYPTBASE.dll
0x00007ffa5c550000 - 0x00007ffa5c588000 	C:\Windows\SYSTEM32\IPHLPAPI.DLL
0x00007ffa5f8d0000 - 0x00007ffa5f8d8000 	C:\Windows\System32\NSI.dll
0x00007ffa572e0000 - 0x00007ffa572f6000 	C:\Windows\SYSTEM32\dhcpcsvc6.DLL
0x00007ffa572c0000 - 0x00007ffa572da000 	C:\Windows\SYSTEM32\dhcpcsvc.DLL
0x00000000508e0000 - 0x0000000050904000 	C:\Program Files\Java\jdk1.8.0_144\jre\bin\sunec.dll
0x00007ffa5c5a0000 - 0x00007ffa5c641000 	C:\Windows\SYSTEM32\DNSAPI.dll
0x00007ffa57ac0000 - 0x00007ffa57aca000 	C:\Windows\System32\rasadhlp.dll
0x00007ffa56f20000 - 0x00007ffa56f8a000 	C:\Windows\System32\fwpuclnt.dll
0x00000000508d0000 - 0x00000000508db000 	C:\Program Files\Java\jdk1.8.0_144\jre\bin\sunmscapi.dll
0x00007ffa5d320000 - 0x00007ffa5d4e9000 	C:\Windows\System32\CRYPT32.dll
0x00007ffa5cf80000 - 0x00007ffa5cf90000 	C:\Windows\System32\MSASN1.dll
0x00007ffa4dfd0000 - 0x00007ffa4e162000 	C:\Windows\SYSTEM32\dbghelp.dll

VM Arguments:
jvm_args: -Xmx1536m -Dfile.encoding=windows-1251 -Duser.country=RU -Duser.language=ru -Duser.variant 
java_command: org.gradle.launcher.daemon.bootstrap.GradleDaemon 4.1
java_class_path (initial): C:\Users\Роман\.gradle\wrapper\dists\gradle-4.1-all\bzyivzo6n839fup2jbap0tjew\gradle-4.1\lib\gradle-launcher-4.1.jar
Launcher Type: SUN_STANDARD

Environment Variables:
PATH=F:\Steam;C:\ProgramData\Oracle\Java\javapath;C:\Windows\system32;C:\Windows;C:\Windows\System32\Wbem;C:\Windows\System32\WindowsPowerShell\v1.0\;C:\Program Files (x86)\NVIDIA Corporation\PhysX\Common;C:\Program Files\Git\cmd;C:\Users\Роман\AppData\Local\Microsoft\WindowsApps;C:\Users\Роман\AppData\Local\GitHubDesktop\bin
USERNAME=Роман
OS=Windows_NT
PROCESSOR_IDENTIFIER=Intel64 Family 6 Model 42 Stepping 7, GenuineIntel



---------------  S Y S T E M  ---------------

OS: Windows 10.0 , 64 bit Build 14393 (10.0.14393.1198)

CPU:total 4 (initial active 4) (4 cores per cpu, 1 threads per core) family 6 model 42 stepping 7, cmov, cx8, fxsr, mmx, sse, sse2, sse3, ssse3, sse4.1, sse4.2, popcnt, avx, aes, clmul, tsc, tscinvbit

Memory: 4k page, physical 8333668k(2635932k free), swap 10299748k(3038112k free)

vm_info: Java HotSpot(TM) 64-Bit Server VM (25.144-b01) for windows-amd64 JRE (1.8.0_144-b01), built on Jul 21 2017 21:57:33 by "java_re" with MS VC++ 10.0 (VS2010)

time: Sat Sep 23 16:50:05 2017
elapsed time: 6808 seconds (0d 1h 53m 28s)

